<?xml version="1.0" encoding="UTF-8"?>
<!-- Generated by org.testng.reporters.JUnitXMLReporter -->
<testsuite hostname="LPT-E580-LPT77" ignored="17" name="Test" tests="3" failures="0" timestamp="2021-08-27T15:15:42 IST" time="1197.469" errors="0">
  <testcase name="Bolt_SG_02" time="300.948" classname="testSuite.Bolt"/>
  <testcase name="Bolt_SG_03" time="590.471" classname="testSuite.Bolt"/>
  <testcase name="Bolt_SG_04" time="300.543" classname="testSuite.Bolt"/>
  <testcase name="Bolt_SG_15" time="0.0" classname="testSuite.Bolt">
    <ignored/>
  </testcase> <!-- Bolt_SG_15 -->
  <testcase name="Bolt_SG_09" time="0.0" classname="testSuite.Bolt">
    <ignored/>
  </testcase> <!-- Bolt_SG_09 -->
  <testcase name="Bolt_SG_06" time="0.0" classname="testSuite.Bolt">
    <ignored/>
  </testcase> <!-- Bolt_SG_06 -->
  <testcase name="Bolt_SG_17" time="0.0" classname="testSuite.Bolt">
    <ignored/>
  </testcase> <!-- Bolt_SG_17 -->
  <testcase name="Bolt_SG_14" time="0.0" classname="testSuite.Bolt">
    <ignored/>
  </testcase> <!-- Bolt_SG_14 -->
  <testcase name="Bolt_SG_11" time="0.0" classname="testSuite.Bolt">
    <ignored/>
  </testcase> <!-- Bolt_SG_11 -->
  <testcase name="Bolt_SG_05" time="0.0" classname="testSuite.Bolt">
    <ignored/>
  </testcase> <!-- Bolt_SG_05 -->
  <testcase name="Bolt_SG_16" time="0.0" classname="testSuite.Bolt">
    <ignored/>
  </testcase> <!-- Bolt_SG_16 -->
  <testcase name="Bolt_SG_13" time="0.0" classname="testSuite.Bolt">
    <ignored/>
  </testcase> <!-- Bolt_SG_13 -->
  <testcase name="Bolt_SG_10" time="0.0" classname="testSuite.Bolt">
    <ignored/>
  </testcase> <!-- Bolt_SG_10 -->
  <testcase name="Bolt_SG_08" time="0.0" classname="testSuite.Bolt">
    <ignored/>
  </testcase> <!-- Bolt_SG_08 -->
  <testcase name="Bolt_SG_19" time="0.0" classname="testSuite.Bolt">
    <ignored/>
  </testcase> <!-- Bolt_SG_19 -->
  <testcase name="FindElements" time="0.0" classname="testSuite.Bolt">
    <ignored/>
  </testcase> <!-- FindElements -->
  <testcase name="Bolt_SG_07" time="0.0" classname="testSuite.Bolt">
    <ignored/>
  </testcase> <!-- Bolt_SG_07 -->
  <testcase name="Bolt_SG_18" time="0.0" classname="testSuite.Bolt">
    <ignored/>
  </testcase> <!-- Bolt_SG_18 -->
  <testcase name="Bolt_SG_12" time="0.0" classname="testSuite.Bolt">
    <ignored/>
  </testcase> <!-- Bolt_SG_12 -->
  <testcase name="Bolt_SG_01" time="0.0" classname="testSuite.Bolt">
    <ignored/>
  </testcase> <!-- Bolt_SG_01 -->
</testsuite> <!-- Test -->
