<?xml version="1.0" encoding="UTF-8"?>
<!-- Generated by org.testng.reporters.JUnitXMLReporter -->
<testsuite hostname="LPT-E580-LPT77" ignored="8" name="Test" tests="1" failures="0" timestamp="2021-06-09T14:33:25 IST" time="9.166" errors="0">
  <testcase name="Bolt_Excel" time="7.727" classname="testSuite.Bolt"/>
  <testcase name="Bolt_SG_04" time="0.0" classname="testSuite.Bolt">
    <ignored/>
  </testcase> <!-- Bolt_SG_04 -->
  <testcase name="Bolt_SG_06" time="0.0" classname="testSuite.Bolt">
    <ignored/>
  </testcase> <!-- Bolt_SG_06 -->
  <testcase name="Bolt_SG_03" time="0.0" classname="testSuite.Bolt">
    <ignored/>
  </testcase> <!-- Bolt_SG_03 -->
  <testcase name="Bolt_SG_05" time="0.0" classname="testSuite.Bolt">
    <ignored/>
  </testcase> <!-- Bolt_SG_05 -->
  <testcase name="Bolt_SG_02" time="0.0" classname="testSuite.Bolt">
    <ignored/>
  </testcase> <!-- Bolt_SG_02 -->
  <testcase name="Bolt_SG_01" time="0.0" classname="testSuite.Bolt">
    <ignored/>
  </testcase> <!-- Bolt_SG_01 -->
  <testcase name="Bolt_SG_08" time="0.0" classname="testSuite.Bolt">
    <ignored/>
  </testcase> <!-- Bolt_SG_08 -->
  <testcase name="Bolt_SG_07" time="0.0" classname="testSuite.Bolt">
    <ignored/>
  </testcase> <!-- Bolt_SG_07 -->
</testsuite> <!-- Test -->
