<?xml version="1.0" encoding="UTF-8"?>
<!-- Generated by org.testng.reporters.JUnitXMLReporter -->
<testsuite hostname="LPT-E580-LPT77" ignored="6" name="Test(failed)(failed)" tests="1" failures="1" timestamp="2021-04-08T14:12:16 IST" time="407.76" errors="0">
  <testcase name="Verity_SG_02" time="406.915" classname="testSuite.Verity">
    <failure type="java.lang.AssertionError" message="null">
      <![CDATA[java.lang.AssertionError: null
at testSuite.Verity.Verity_SG_02(Verity.java:277)
at java.util.ArrayList.forEach(ArrayList.java:1257)
... Removed 29 stack frames]]>
    </failure>
  </testcase> <!-- Verity_SG_02 -->
  <testcase name="Verity_SG_01" time="0.0" classname="testSuite.Verity">
    <ignored/>
  </testcase> <!-- Verity_SG_01 -->
  <testcase name="Verity_SG_07" time="0.0" classname="testSuite.Verity">
    <ignored/>
  </testcase> <!-- Verity_SG_07 -->
  <testcase name="Verity_SG_06" time="0.0" classname="testSuite.Verity">
    <ignored/>
  </testcase> <!-- Verity_SG_06 -->
  <testcase name="Verity_SG_04" time="0.0" classname="testSuite.Verity">
    <ignored/>
  </testcase> <!-- Verity_SG_04 -->
  <testcase name="Verity_SG_03" time="0.0" classname="testSuite.Verity">
    <ignored/>
  </testcase> <!-- Verity_SG_03 -->
  <testcase name="Verity_SG_05" time="0.0" classname="testSuite.Verity">
    <ignored/>
  </testcase> <!-- Verity_SG_05 -->
</testsuite> <!-- Test(failed)(failed) -->
