<?xml version="1.0" encoding="UTF-8"?>
<!-- Generated by org.testng.reporters.JUnitXMLReporter -->
<testsuite hostname="LPT-E580-LPT77" ignored="2" name="Test(failed)" tests="3" failures="3" timestamp="2021-04-15T16:41:09 IST" time="1025.642" errors="0">
  <testcase name="Bolt_SG_03" time="173.124" classname="testSuite.Bolt">
    <failure type="java.lang.AssertionError" message="null">
      <![CDATA[java.lang.AssertionError: null
at testSuite.Bolt.Bolt_SG_03(Bolt.java:671)
at java.util.ArrayList.forEach(ArrayList.java:1257)
... Removed 29 stack frames]]>
    </failure>
  </testcase> <!-- Bolt_SG_03 -->
  <testcase name="Bolt_SG_02" time="318.55" classname="testSuite.Bolt">
    <failure type="java.lang.AssertionError" message="null">
      <![CDATA[java.lang.AssertionError: null
at testSuite.Bolt.Bolt_SG_02(Bolt.java:354)
at java.util.ArrayList.forEach(ArrayList.java:1257)
... Removed 29 stack frames]]>
    </failure>
  </testcase> <!-- Bolt_SG_02 -->
  <testcase name="Bolt_SG_01" time="532.988" classname="testSuite.Bolt">
    <failure type="java.lang.AssertionError" message="null">
      <![CDATA[java.lang.AssertionError: null
at testSuite.Bolt.Bolt_SG_01(Bolt.java:244)
at java.util.ArrayList.forEach(ArrayList.java:1257)
... Removed 29 stack frames]]>
    </failure>
  </testcase> <!-- Bolt_SG_01 -->
  <testcase name="Bolt_SG_04" time="0.0" classname="testSuite.Bolt">
    <ignored/>
  </testcase> <!-- Bolt_SG_04 -->
  <testcase name="Bolt_PD_01" time="0.0" classname="testSuite.Bolt">
    <ignored/>
  </testcase> <!-- Bolt_PD_01 -->
</testsuite> <!-- Test(failed) -->
